PyTorch device : cuda
  GPU : NVIDIA GeForce RTX 5080 Laptop GPU

Model dir : YOUR_HOME_DIR/MSADS_/Time_series_31006/FINAL_PROJECT_VF/model

=======================================================
PHASE 1 — LOAD PLAYER-GAME DATA
=======================================================
  98,072 player-game rows | last game: 2026-02-26

=======================================================
PHASE 2 — AGGREGATE TO TEAM-GAME LEVEL
=======================================================
  9,060 team-game rows | 30 teams

=======================================================
PHASE 3 — ROLLING FEATURES (shift-1 to prevent leakage)
=======================================================
  All team-game rows : 9,176
  CHI games          : 317 | win rate: 49.2%

=======================================================
PHASE 4 — TRAIN WIN/LOSS CLASSIFIER (XGBoost GPU)
=======================================================
  Training rows (all teams) : 9,146  (dropped 30 NaN rows)
  CHI games in clean set    : 316
  Train : 7,308 team-game rows (before 2025-04-06)
  Val   : 1,838  team-game rows (on/after 2025-04-06)
[0]	validation_0-logloss:0.68973
[50]	validation_0-logloss:0.64434
[91]	validation_0-logloss:0.64401
YOUR_HOME_DIR/MSADS_/Time_series_31006/tsenvi/lib/python3.12/site-packages/xgboost/core.py:751: UserWarning: [06:25:23] WARNING: /__w/xgboost/xgboost/src/common/error_msg.cc:62: Falling back to prediction using DMatrix due to mismatched devices. This might lead to higher memory usage and slower performance. XGBoost is running on: cuda:0, while the input data is on: cpu.
Potential solutions:
- Use a data structure that matches the device ordinal in the booster.
- Set the device for booster before call to inplace_predict.

This warning will only be shown once.

  return func(**kwargs)

  Val Accuracy : 62.6%
  Val AUC      : 0.675
  Val Log-Loss : 0.644
  Val MAE      : 0.454
  → Model saved: YOUR_HOME_DIR/MSADS_/Time_series_31006/FINAL_PROJECT_VF/model/nba_win_model.json

=======================================================
PHASE 5 — PREDICT NEXT GAME WIN PROBABILITY
=======================================================
  → No next game scheduled for CHI.

  → Saved: YOUR_HOME_DIR/MSADS_/Time_series_31006/FINAL_PROJECT_VF/model/win_probability.json

=======================================================
DONE
=======================================================
  Val Accuracy : 62.6%
  Val AUC      : 0.675
  Val Log-Loss : 0.644
  Val MAE      : 0.454

  Output files:
    YOUR_HOME_DIR/MSADS_/Time_series_31006/FINAL_PROJECT_VF/model/nba_win_model.json
    YOUR_HOME_DIR/MSADS_/Time_series_31006/FINAL_PROJECT_VF/model/win_probability.json  ← web service JSON
