PyTorch device : cuda
  GPU : NVIDIA GeForce RTX 5080 Laptop GPU

Model dir : YOUR_HOME_DIR/MSADS_/Time_series_31006/FINAL_PROJECT_VF/model

=======================================================
PHASE 1 — LOAD PLAYER-GAME DATA
=======================================================
  98,281 player-game rows | last game: 2026-02-27

=======================================================
PHASE 2 — AGGREGATE TO TEAM-GAME LEVEL
=======================================================
  9,080 team-game rows | 30 teams

=======================================================
PHASE 3 — ROLLING FEATURES (shift-1 to prevent leakage)
=======================================================
  All team-game rows : 9,196
  CHI games          : 318 | win rate: 49.1%

=======================================================
PHASE 4 — TRAIN WIN/LOSS CLASSIFIER (XGBoost GPU)
=======================================================
  Training rows (all teams) : 9,166  (dropped 30 NaN rows)
  CHI games in clean set    : 317
  Train : 7,308 team-game rows (before 2025-04-06)
  Val   : 1,858  team-game rows (on/after 2025-04-06)
[0]	validation_0-logloss:0.68969
[50]	validation_0-logloss:0.64327
[90]	validation_0-logloss:0.64353
YOUR_HOME_DIR/MSADS_/Time_series_31006/tsenvi/lib/python3.12/site-packages/xgboost/core.py:751: UserWarning: [08:34:59] WARNING: /__w/xgboost/xgboost/src/common/error_msg.cc:62: Falling back to prediction using DMatrix due to mismatched devices. This might lead to higher memory usage and slower performance. XGBoost is running on: cuda:0, while the input data is on: cpu.
Potential solutions:
- Use a data structure that matches the device ordinal in the booster.
- Set the device for booster before call to inplace_predict.

This warning will only be shown once.

  return func(**kwargs)

  Val Accuracy : 62.6%
  Val AUC      : 0.677
  Val Log-Loss : 0.644
  Val MAE      : 0.454
  → Model saved: YOUR_HOME_DIR/MSADS_/Time_series_31006/FINAL_PROJECT_VF/model/nba_win_model.json

=======================================================
PHASE 5 — PREDICT NEXT GAME WIN PROBABILITY
=======================================================
  CHI vs MIL (HOME) — 2026-03-01
  CHI projected score : 80.4 pts  (sum of player model)
  Win probability     : 22.1%
  Predicted result    : L  [high confidence]

  → Saved: YOUR_HOME_DIR/MSADS_/Time_series_31006/FINAL_PROJECT_VF/model/win_probability.json

=======================================================
DONE
=======================================================
  Val Accuracy : 62.6%
  Val AUC      : 0.677
  Val Log-Loss : 0.644
  Val MAE      : 0.454

  Output files:
    YOUR_HOME_DIR/MSADS_/Time_series_31006/FINAL_PROJECT_VF/model/nba_win_model.json
    YOUR_HOME_DIR/MSADS_/Time_series_31006/FINAL_PROJECT_VF/model/win_probability.json  ← web service JSON
